2021-11-08 10:27:26,553  INFO [main] Hooks:25 - **********************Scenario Execution**********************
 2021-11-08 10:27:27,565  INFO [main] Hooks:25 - **********************Scenario Execution**********************
 2021-11-08 10:27:28,256  INFO [main] Hooks:25 - **********************Scenario Execution**********************
 2021-11-08 10:27:28,814  INFO [main] Hooks:25 - **********************Scenario Execution**********************
 2021-11-08 10:27:29,353  INFO [main] Hooks:25 - **********************Scenario Execution**********************
 2021-11-08 10:27:29,845  INFO [main] Hooks:25 - **********************Scenario Execution**********************
 2021-11-08 10:27:30,378  INFO [main] Hooks:25 - **********************Scenario Execution**********************
 2021-11-08 10:27:30,924  INFO [main] Hooks:25 - **********************Scenario Execution**********************
 2021-11-10 10:52:12,163  INFO [main] Hooks:25 - **********************Scenario Execution**********************
 2021-11-10 10:52:12,962  INFO [main] Hooks:25 - **********************Scenario Execution**********************
 2021-11-10 10:52:13,580  INFO [main] Hooks:25 - **********************Scenario Execution**********************
 2021-11-10 10:52:14,141  INFO [main] Hooks:25 - **********************Scenario Execution**********************
 2021-11-10 10:52:14,729  INFO [main] Hooks:25 - **********************Scenario Execution**********************
 2021-11-10 10:52:15,253  INFO [main] Hooks:25 - **********************Scenario Execution**********************
 2021-11-10 10:52:15,760  INFO [main] Hooks:25 - **********************Scenario Execution**********************
 2021-11-10 10:52:16,263  INFO [main] Hooks:25 - **********************Scenario Execution**********************
 2021-11-10 11:04:54,788  INFO [main] Hooks:25 - **********************Scenario Execution**********************
 2021-11-10 11:04:55,922  INFO [main] Hooks:25 - **********************Scenario Execution**********************
 2021-11-10 11:04:56,638  INFO [main] Hooks:25 - **********************Scenario Execution**********************
 2021-11-10 11:04:57,214  INFO [main] Hooks:25 - **********************Scenario Execution**********************
 2021-11-10 11:04:57,777  INFO [main] Hooks:25 - **********************Scenario Execution**********************
 2021-11-10 11:04:58,334  INFO [main] Hooks:25 - **********************Scenario Execution**********************
 2021-11-10 11:04:58,834  INFO [main] Hooks:25 - **********************Scenario Execution**********************
 2021-11-10 11:04:59,418  INFO [main] Hooks:25 - **********************Scenario Execution**********************
 2021-11-10 11:06:24,831  INFO [main] Hooks:25 - **********************Scenario Execution**********************
 2021-11-10 11:06:26,212  INFO [main] Hooks:25 - **********************Scenario Execution**********************
 2021-11-10 11:06:27,062  INFO [main] Hooks:25 - **********************Scenario Execution**********************
 2021-11-10 11:06:27,672  INFO [main] Hooks:25 - **********************Scenario Execution**********************
 2021-11-10 11:06:28,305  INFO [main] Hooks:25 - **********************Scenario Execution**********************
 2021-11-10 11:06:28,843  INFO [main] Hooks:25 - **********************Scenario Execution**********************
 2021-11-10 11:06:29,405  INFO [main] Hooks:25 - **********************Scenario Execution**********************
 2021-11-10 11:06:30,003  INFO [main] Hooks:25 - **********************Scenario Execution**********************
 2021-11-10 11:08:49,111  INFO [main] Hooks:27 - **********************Scenario Execution**********************
 2021-11-10 11:08:50,194  INFO [main] Hooks:27 - **********************Scenario Execution**********************
 2021-11-10 11:08:50,899  INFO [main] Hooks:27 - **********************Scenario Execution**********************
 2021-11-10 11:08:51,448  INFO [main] Hooks:27 - **********************Scenario Execution**********************
 2021-11-10 11:08:52,060  INFO [main] Hooks:27 - **********************Scenario Execution**********************
 2021-11-10 11:08:52,638  INFO [main] Hooks:27 - **********************Scenario Execution**********************
 2021-11-10 11:08:53,172  INFO [main] Hooks:27 - **********************Scenario Execution**********************
 2021-11-10 11:08:53,766  INFO [main] Hooks:27 - **********************Scenario Execution**********************
 2021-11-10 11:09:53,425  INFO [main] Hooks:26 - **********************Scenario Execution**********************
 2021-11-10 11:09:54,169  INFO [main] Hooks:26 - **********************Scenario Execution**********************
 2021-11-10 11:09:54,719  INFO [main] Hooks:26 - **********************Scenario Execution**********************
 2021-11-10 11:09:55,293  INFO [main] Hooks:26 - **********************Scenario Execution**********************
 2021-11-10 11:09:55,829  INFO [main] Hooks:26 - **********************Scenario Execution**********************
 2021-11-10 11:09:56,307  INFO [main] Hooks:26 - **********************Scenario Execution**********************
 2021-11-10 11:09:56,793  INFO [main] Hooks:26 - **********************Scenario Execution**********************
 2021-11-10 11:09:57,308  INFO [main] Hooks:26 - **********************Scenario Execution**********************
 2021-11-10 11:10:22,983  INFO [main] Hooks:26 - **********************Scenario Execution**********************
 2021-11-10 11:10:23,987  INFO [main] Hooks:26 - **********************Scenario Execution**********************
 2021-11-10 11:10:24,641  INFO [main] Hooks:26 - **********************Scenario Execution**********************
 2021-11-10 11:10:25,204  INFO [main] Hooks:26 - **********************Scenario Execution**********************
 2021-11-10 11:10:25,785  INFO [main] Hooks:26 - **********************Scenario Execution**********************
 2021-11-10 11:10:26,290  INFO [main] Hooks:26 - **********************Scenario Execution**********************
 2021-11-10 11:10:26,819  INFO [main] Hooks:26 - **********************Scenario Execution**********************
 2021-11-10 11:10:27,386  INFO [main] Hooks:26 - **********************Scenario Execution**********************
 2021-11-10 11:13:26,728  INFO [main] Hooks:26 - **********************Scenario Execution**********************
 2021-11-10 11:13:27,715  INFO [main] Hooks:26 - **********************Scenario Execution**********************
 2021-11-10 11:13:28,421  INFO [main] Hooks:26 - **********************Scenario Execution**********************
 2021-11-10 11:13:28,986  INFO [main] Hooks:26 - **********************Scenario Execution**********************
 2021-11-10 11:13:29,580  INFO [main] Hooks:26 - **********************Scenario Execution**********************
 2021-11-10 11:13:30,068  INFO [main] Hooks:26 - **********************Scenario Execution**********************
 2021-11-10 11:13:30,539  INFO [main] Hooks:26 - **********************Scenario Execution**********************
 2021-11-10 11:13:31,022  INFO [main] Hooks:26 - **********************Scenario Execution**********************
 2021-11-10 11:15:46,993  INFO [main] Hooks:25 - **********************Scenario Execution**********************
 2021-11-10 11:15:48,028  INFO [main] Hooks:25 - **********************Scenario Execution**********************
 2021-11-10 11:15:48,818  INFO [main] Hooks:25 - **********************Scenario Execution**********************
 2021-11-10 11:15:49,372  INFO [main] Hooks:25 - **********************Scenario Execution**********************
 2021-11-10 11:15:49,944  INFO [main] Hooks:25 - **********************Scenario Execution**********************
 2021-11-10 11:15:50,454  INFO [main] Hooks:25 - **********************Scenario Execution**********************
 2021-11-10 11:15:50,978  INFO [main] Hooks:25 - **********************Scenario Execution**********************
 2021-11-10 11:15:51,554  INFO [main] Hooks:25 - **********************Scenario Execution**********************
 2021-11-10 11:16:48,407  INFO [main] Hooks:25 - **********************Scenario Execution**********************
 2021-11-10 11:16:48,410  INFO [main] Hooks:27 - Launch the browser
 2021-11-10 11:16:52,454  INFO [main] Hooks:35 - Delete all cookies
 2021-11-10 11:16:52,593  INFO [main] Hooks:37 - Maximize the browser
 2021-11-10 11:16:55,039  INFO [main] Login_Execution:31 - ---Launching URL---
 2021-11-10 11:16:59,674  INFO [main] Login_cases:30 - User click Signin button successfully
 2021-11-10 11:16:59,845  INFO [main] Login_cases:43 - user email is gopinath+automation@livingmatrix.com
 2021-11-10 11:16:59,944  INFO [main] Login_cases:45 - user password is Password@20
 2021-11-10 11:17:00,010  INFO [main] Login_cases:47 - User clicked Sigin button successfully
 2021-11-10 11:20:22,306 ERROR [main] Login_cases:93 - org.openqa.selenium.NoSuchWindowException: no such window: target window already closed
from unknown error: web view not found
  (Session info: chrome=95.0.4638.69)
Build info: version: '3.141.59', revision: 'e82be7d358', time: '2018-11-14T08:17:03'
System info: host: 'DESKTOP-NOT61PU', ip: '192.168.225.142', os.name: 'Windows 10', os.arch: 'amd64', os.version: '10.0', java.version: '15.0.1'
Driver info: org.openqa.selenium.chrome.ChromeDriver
Capabilities {acceptInsecureCerts: false, browserName: chrome, browserVersion: 95.0.4638.69, chrome: {chromedriverVersion: 95.0.4638.54 (d31a821ec901f..., userDataDir: C:\Users\GOPINATH\AppData\L...}, goog:chromeOptions: {debuggerAddress: localhost:65384}, javascriptEnabled: true, networkConnectionEnabled: false, pageLoadStrategy: normal, platform: WINDOWS, platformName: WINDOWS, proxy: Proxy(), setWindowRect: true, strictFileInteractability: false, timeouts: {implicit: 0, pageLoad: 300000, script: 30000}, unhandledPromptBehavior: dismiss and notify, webauthn:extension:credBlob: true, webauthn:extension:largeBlob: true, webauthn:virtualAuthenticators: true}
Session ID: 074b0075256c0566090b693bc22a91e3
*** Element info: {Using=xpath, value=//*[@id="root"]/div/div[2]/div[2]/div/div[2]/div/div[1]/div/div[1]/div[1]}
 2021-11-10 11:20:26,481  INFO [main] Hooks:25 - **********************Scenario Execution**********************
 2021-11-10 11:20:26,482  INFO [main] Hooks:27 - Launch the browser
 2021-11-10 11:20:27,706  INFO [main] Hooks:35 - Delete all cookies
 2021-11-10 11:20:27,830  INFO [main] Hooks:37 - Maximize the browser
 2021-11-10 11:20:29,316  INFO [main] Login_Execution:31 - ---Launching URL---
 2021-11-10 11:20:36,185  INFO [main] Login_cases:30 - User click Signin button successfully
 2021-11-10 11:20:36,484  INFO [main] Login_cases:43 - user email is gopinath+automation@livingmatrix.com
 2021-11-10 11:20:36,593  INFO [main] Login_cases:45 - user password is Password@20
 2021-11-10 11:20:36,666  INFO [main] Login_cases:47 - User clicked Sigin button successfully
 2021-11-10 11:23:59,044 ERROR [main] Login_cases:93 - org.openqa.selenium.NoSuchWindowException: no such window: target window already closed
from unknown error: web view not found
  (Session info: chrome=95.0.4638.69)
Build info: version: '3.141.59', revision: 'e82be7d358', time: '2018-11-14T08:17:03'
System info: host: 'DESKTOP-NOT61PU', ip: '192.168.225.142', os.name: 'Windows 10', os.arch: 'amd64', os.version: '10.0', java.version: '15.0.1'
Driver info: org.openqa.selenium.chrome.ChromeDriver
Capabilities {acceptInsecureCerts: false, browserName: chrome, browserVersion: 95.0.4638.69, chrome: {chromedriverVersion: 95.0.4638.54 (d31a821ec901f..., userDataDir: C:\Users\GOPINATH\AppData\L...}, goog:chromeOptions: {debuggerAddress: localhost:55103}, javascriptEnabled: true, networkConnectionEnabled: false, pageLoadStrategy: normal, platform: WINDOWS, platformName: WINDOWS, proxy: Proxy(), setWindowRect: true, strictFileInteractability: false, timeouts: {implicit: 0, pageLoad: 300000, script: 30000}, unhandledPromptBehavior: dismiss and notify, webauthn:extension:credBlob: true, webauthn:extension:largeBlob: true, webauthn:virtualAuthenticators: true}
Session ID: aa821fa6210159b502f56e4c51037baf
*** Element info: {Using=xpath, value=//*[@id="root"]/div/div[2]/div[2]/div/div[2]/div/div[1]/div/div[1]/div[1]}
 2021-11-10 11:24:03,195  INFO [main] Hooks:25 - **********************Scenario Execution**********************
 2021-11-10 11:24:03,199  INFO [main] Hooks:27 - Launch the browser
 2021-11-10 11:24:04,719  INFO [main] Hooks:35 - Delete all cookies
 2021-11-10 11:24:04,854  INFO [main] Hooks:37 - Maximize the browser
 2021-11-10 11:24:06,384  INFO [main] Login_Execution:31 - ---Launching URL---
 2021-11-10 11:24:11,567  INFO [main] Login_cases:30 - User click Signin button successfully
 2021-11-10 11:24:11,666  INFO [main] Login_cases:43 - user email is gopinath+automation@livingmatrix.com
 2021-11-10 11:24:11,736  INFO [main] Login_cases:45 - user password is Password@20
 2021-11-10 11:24:11,785  INFO [main] Login_cases:47 - User clicked Sigin button successfully
 2021-11-10 11:27:34,034 ERROR [main] Login_cases:93 - org.openqa.selenium.NoSuchWindowException: no such window: target window already closed
from unknown error: web view not found
  (Session info: chrome=95.0.4638.69)
Build info: version: '3.141.59', revision: 'e82be7d358', time: '2018-11-14T08:17:03'
System info: host: 'DESKTOP-NOT61PU', ip: '192.168.225.142', os.name: 'Windows 10', os.arch: 'amd64', os.version: '10.0', java.version: '15.0.1'
Driver info: org.openqa.selenium.chrome.ChromeDriver
Capabilities {acceptInsecureCerts: false, browserName: chrome, browserVersion: 95.0.4638.69, chrome: {chromedriverVersion: 95.0.4638.54 (d31a821ec901f..., userDataDir: C:\Users\GOPINATH\AppData\L...}, goog:chromeOptions: {debuggerAddress: localhost:63193}, javascriptEnabled: true, networkConnectionEnabled: false, pageLoadStrategy: normal, platform: WINDOWS, platformName: WINDOWS, proxy: Proxy(), setWindowRect: true, strictFileInteractability: false, timeouts: {implicit: 0, pageLoad: 300000, script: 30000}, unhandledPromptBehavior: dismiss and notify, webauthn:extension:credBlob: true, webauthn:extension:largeBlob: true, webauthn:virtualAuthenticators: true}
Session ID: 16827c9fe6cbcabed842957d1c470378
*** Element info: {Using=xpath, value=//*[@id="root"]/div/div[2]/div[2]/div/div[2]/div/div[1]/div/div[1]/div[1]}
 2021-11-10 11:27:38,174  INFO [main] Hooks:25 - **********************Scenario Execution**********************
 2021-11-10 11:27:38,176  INFO [main] Hooks:27 - Launch the browser
 2021-11-10 11:27:39,590  INFO [main] Hooks:35 - Delete all cookies
 2021-11-10 11:27:39,716  INFO [main] Hooks:37 - Maximize the browser
 2021-11-10 11:27:41,513  INFO [main] Login_Execution:31 - ---Launching URL---
 2021-11-10 11:27:47,557  INFO [main] Login_cases:30 - User click Signin button successfully
 2021-11-10 11:27:47,716  INFO [main] Login_cases:43 - user email is gopinath+automation@livingmatrix.com
 2021-11-10 11:27:47,784  INFO [main] Login_cases:45 - user password is Password@20
 2021-11-10 11:27:47,864  INFO [main] Login_cases:47 - User clicked Sigin button successfully
 2021-11-10 11:31:10,365 ERROR [main] Login_cases:93 - org.openqa.selenium.NoSuchWindowException: no such window: target window already closed
from unknown error: web view not found
  (Session info: chrome=95.0.4638.69)
Build info: version: '3.141.59', revision: 'e82be7d358', time: '2018-11-14T08:17:03'
System info: host: 'DESKTOP-NOT61PU', ip: '192.168.225.142', os.name: 'Windows 10', os.arch: 'amd64', os.version: '10.0', java.version: '15.0.1'
Driver info: org.openqa.selenium.chrome.ChromeDriver
Capabilities {acceptInsecureCerts: false, browserName: chrome, browserVersion: 95.0.4638.69, chrome: {chromedriverVersion: 95.0.4638.54 (d31a821ec901f..., userDataDir: C:\Users\GOPINATH\AppData\L...}, goog:chromeOptions: {debuggerAddress: localhost:61844}, javascriptEnabled: true, networkConnectionEnabled: false, pageLoadStrategy: normal, platform: WINDOWS, platformName: WINDOWS, proxy: Proxy(), setWindowRect: true, strictFileInteractability: false, timeouts: {implicit: 0, pageLoad: 300000, script: 30000}, unhandledPromptBehavior: dismiss and notify, webauthn:extension:credBlob: true, webauthn:extension:largeBlob: true, webauthn:virtualAuthenticators: true}
Session ID: 0ec9199ea32e7538cf179672380184ea
*** Element info: {Using=xpath, value=//*[@id="root"]/div/div[2]/div[2]/div/div[2]/div/div[1]/div/div[1]/div[1]}
 2021-11-11 15:43:19,230  INFO [main] Hooks:25 - **********************Scenario Execution**********************
 2021-11-11 15:43:19,262  INFO [main] Hooks:27 - Launch the browser
 2021-11-11 15:43:22,590  INFO [main] Hooks:35 - Delete all cookies
 2021-11-11 15:43:22,737  INFO [main] Hooks:37 - Maximize the browser
 2021-11-11 15:43:23,043  INFO [main] Login_Execution:31 - ---Launching URL---
 2021-11-11 15:43:27,728  INFO [main] Login_cases:30 - User click Signin button successfully
 2021-11-11 15:43:27,848  INFO [main] Login_cases:43 - user email is gopinath+automation@livingmatrix.com
 2021-11-11 15:43:27,948  INFO [main] Login_cases:45 - user password is Password@20
 2021-11-11 15:43:28,002  INFO [main] Login_cases:47 - User clicked Sigin button successfully
 2021-11-11 15:46:50,295 ERROR [main] Login_cases:93 - org.openqa.selenium.NoSuchWindowException: no such window: target window already closed
from unknown error: web view not found
  (Session info: chrome=95.0.4638.69)
Build info: version: '3.141.59', revision: 'e82be7d358', time: '2018-11-14T08:17:03'
System info: host: 'DESKTOP-NOT61PU', ip: '192.168.225.142', os.name: 'Windows 10', os.arch: 'amd64', os.version: '10.0', java.version: '15.0.1'
Driver info: org.openqa.selenium.chrome.ChromeDriver
Capabilities {acceptInsecureCerts: false, browserName: chrome, browserVersion: 95.0.4638.69, chrome: {chromedriverVersion: 95.0.4638.54 (d31a821ec901f..., userDataDir: C:\Users\GOPINATH\AppData\L...}, goog:chromeOptions: {debuggerAddress: localhost:57262}, javascriptEnabled: true, networkConnectionEnabled: false, pageLoadStrategy: normal, platform: WINDOWS, platformName: WINDOWS, proxy: Proxy(), setWindowRect: true, strictFileInteractability: false, timeouts: {implicit: 0, pageLoad: 300000, script: 30000}, unhandledPromptBehavior: dismiss and notify, webauthn:extension:credBlob: true, webauthn:extension:largeBlob: true, webauthn:virtualAuthenticators: true}
Session ID: 31854c94bf82630542c7f62674a7c6ab
*** Element info: {Using=xpath, value=//*[@id="root"]/div/div[2]/div[2]/div/div[2]/div/div[1]/div/div[1]/div[1]}
 2021-11-11 15:50:56,810  INFO [main] Hooks:25 - **********************Scenario Execution**********************
 2021-11-11 15:50:56,815  INFO [main] Hooks:27 - Launch the browser
 2021-11-11 15:50:59,369  INFO [main] Hooks:35 - Delete all cookies
 2021-11-11 15:50:59,498  INFO [main] Hooks:37 - Maximize the browser
 2021-11-11 15:50:59,786  INFO [main] Login_Execution:31 - ---Launching URL---
 2021-11-11 15:51:04,572  INFO [main] Login_cases:30 - User click Signin button successfully
 2021-11-11 15:51:04,772  INFO [main] Login_cases:43 - user email is gopinath+automation@livingmatrix.com
 2021-11-11 15:51:04,998  INFO [main] Login_cases:45 - user password is Password@20
 2021-11-11 15:51:05,172  INFO [main] Login_cases:47 - User clicked Sigin button successfully
 2021-11-11 15:51:09,790  INFO [main] Login_cases:84 - User logged-in successfully
 2021-11-11 15:51:14,951  INFO [main] Add_Patient_cases:40 - Add patient button is clicked successfully
 2021-11-11 15:51:15,059  INFO [main] Add_Patient_cases:49 - Real patient is selected default
 2021-11-11 15:51:15,178  INFO [main] Add_Patient_cases:72 - Firstname of the patient is: Barrett
 2021-11-11 15:51:15,256  INFO [main] Add_Patient_cases:74 - Lastname of the patient is: Frami
 2021-11-11 15:51:15,404  INFO [main] Add_Patient_cases:76 - Email of the patient is: gopinath+Frami303@livingmatrix.com
 2021-11-11 15:51:15,477  INFO [main] Add_Patient_cases:78 - Age of the patient is: 25
 2021-11-11 15:51:22,896  INFO [main] Hooks:72 - Close the browser
 2021-11-11 15:51:22,898  INFO [main] Hooks:73 - **********************Scenario Completed**********************
 2021-11-11 15:51:23,807  INFO [main] Hooks:25 - **********************Scenario Execution**********************
 2021-11-11 15:51:23,807  INFO [main] Hooks:27 - Launch the browser
 2021-11-11 15:51:25,357  INFO [main] Hooks:35 - Delete all cookies
 2021-11-11 15:51:25,487  INFO [main] Hooks:37 - Maximize the browser
 2021-11-11 15:51:25,502  INFO [main] Login_Execution:31 - ---Launching URL---
 2021-11-11 15:51:30,377  INFO [main] Login_cases:30 - User click Signin button successfully
 2021-11-11 15:51:30,581  INFO [main] Login_cases:43 - user email is gopinath+automation@livingmatrix.com
 2021-11-11 15:51:30,691  INFO [main] Login_cases:45 - user password is Password@20
 2021-11-11 15:51:30,759  INFO [main] Login_cases:47 - User clicked Sigin button successfully
 2021-11-11 15:51:35,846  INFO [main] Login_cases:84 - User logged-in successfully
 2021-11-11 15:51:41,042  INFO [main] Add_Patient_cases:40 - Add patient button is clicked successfully
 2021-11-11 15:51:41,115  INFO [main] Add_Patient_cases:49 - Real patient is selected default
 2021-11-11 15:51:41,225  INFO [main] Add_Patient_cases:72 - Firstname of the patient is: Hoyt
 2021-11-11 15:51:41,324  INFO [main] Add_Patient_cases:74 - Lastname of the patient is: Ernser
 2021-11-11 15:51:41,475  INFO [main] Add_Patient_cases:76 - Email of the patient is: gopinath+Ernser62@livingmatrix.com
 2021-11-11 15:51:41,546  INFO [main] Add_Patient_cases:78 - Age of the patient is: 25
 2021-11-11 15:51:43,932  INFO [main] Add_Patient_cases:108 - Practitioner upload is selected: Practitioner
 2021-11-11 15:51:46,077  INFO [main] Add_Patient_cases:121 - Questionnaire is checked: Yes
 2021-11-11 15:51:46,134  INFO [main] Add_Patient_cases:142 - Lab upload is already unchecked
 2021-11-11 15:51:46,198  INFO [main] Add_Patient_cases:150 - Done button is clicked successfully
 2021-11-11 15:51:49,384  INFO [main] Add_Patient_cases:168 - Patient list page is loaded successfully
 2021-11-11 15:51:49,610  INFO [main] Add_Patient_cases:174 - Patient is added successfully: Hoyt Ernser
 2021-11-11 15:51:52,690  INFO [main] Login_cases:101 - User icon is clicked successfully
 2021-11-11 15:53:55,306  INFO [main] Hooks:72 - Close the browser
 2021-11-11 15:53:55,307  INFO [main] Hooks:73 - **********************Scenario Completed**********************
 2021-11-11 15:53:56,276  INFO [main] Hooks:25 - **********************Scenario Execution**********************
 2021-11-11 15:53:56,276  INFO [main] Hooks:27 - Launch the browser
 2021-11-11 15:53:57,939  INFO [main] Hooks:35 - Delete all cookies
 2021-11-11 15:53:58,074  INFO [main] Hooks:37 - Maximize the browser
 2021-11-11 15:53:58,087  INFO [main] Login_Execution:31 - ---Launching URL---
 2021-11-11 15:54:02,638  INFO [main] Login_cases:30 - User click Signin button successfully
 2021-11-11 15:54:02,856  INFO [main] Login_cases:43 - user email is gopinath+automation@livingmatrix.com
 2021-11-11 15:54:03,056  INFO [main] Login_cases:45 - user password is Password@20
 2021-11-11 15:54:03,216  INFO [main] Login_cases:47 - User clicked Sigin button successfully
 2021-11-11 15:54:08,053  INFO [main] Login_cases:84 - User logged-in successfully
 2021-11-11 15:54:13,276  INFO [main] Add_Patient_cases:40 - Add patient button is clicked successfully
 2021-11-11 15:54:13,346  INFO [main] Add_Patient_cases:49 - Real patient is selected default
 2021-11-11 15:54:13,471  INFO [main] Add_Patient_cases:72 - Firstname of the patient is: Jennette
 2021-11-11 15:54:13,549  INFO [main] Add_Patient_cases:74 - Lastname of the patient is: Hoeger
 2021-11-11 15:54:13,689  INFO [main] Add_Patient_cases:76 - Email of the patient is: gopinath+Hoeger924@livingmatrix.com
 2021-11-11 15:54:13,754  INFO [main] Add_Patient_cases:78 - Age of the patient is: 25
 2021-11-11 15:54:15,942  INFO [main] Add_Patient_cases:108 - Practitioner upload is selected: Practitioner
 2021-11-11 15:54:17,970  INFO [main] Add_Patient_cases:121 - Questionnaire is checked: Yes
 2021-11-11 15:54:18,054  INFO [main] Add_Patient_cases:133 - Lab upload is checked now
 2021-11-11 15:54:18,106  INFO [main] Add_Patient_cases:150 - Done button is clicked successfully
 2021-11-11 17:38:05,658  INFO [main] Hooks:25 - **********************Scenario Execution**********************
 2021-11-11 17:38:05,661  INFO [main] Hooks:27 - Launch the browser
 2021-11-11 17:38:07,483  INFO [main] Hooks:35 - Delete all cookies
 2021-11-11 17:38:07,607  INFO [main] Hooks:37 - Maximize the browser
 2021-11-11 17:38:08,673  INFO [main] Login_Execution:31 - ---Launching URL---
 2021-11-11 17:38:12,715  INFO [main] Login_cases:30 - User click Signin button successfully
 2021-11-11 17:38:12,811  INFO [main] Login_cases:43 - user email is gopinath+automation@livingmatrix.com
 2021-11-11 17:38:12,866  INFO [main] Login_cases:45 - user password is Password@20
 2021-11-11 17:38:12,905  INFO [main] Login_cases:47 - User clicked Sigin button successfully
 2021-11-11 17:38:14,973  INFO [main] Login_cases:84 - User logged-in successfully
 2021-11-11 17:39:29,805  INFO [main] Hooks:25 - **********************Scenario Execution**********************
 2021-11-11 17:39:29,808  INFO [main] Hooks:27 - Launch the browser
 2021-11-11 17:39:31,477  INFO [main] Hooks:35 - Delete all cookies
 2021-11-11 17:39:31,602  INFO [main] Hooks:37 - Maximize the browser
 2021-11-11 17:39:32,692  INFO [main] Login_Execution:31 - ---Launching URL---
 2021-11-11 17:39:37,558  INFO [main] Login_cases:30 - User click Signin button successfully
 2021-11-11 17:39:37,653  INFO [main] Login_cases:43 - user email is gopinath+automation@livingmatrix.com
 2021-11-11 17:39:37,713  INFO [main] Login_cases:45 - user password is Password@20
 2021-11-11 17:39:37,748  INFO [main] Login_cases:47 - User clicked Sigin button successfully
 2021-11-11 17:39:41,724  INFO [main] Login_cases:84 - User logged-in successfully
 2021-11-11 17:39:46,783  INFO [main] Add_Patient_cases:40 - Add patient button is clicked successfully
 2021-11-11 17:39:46,847  INFO [main] Add_Patient_cases:49 - Real patient is selected default
 2021-11-11 17:39:46,924  INFO [main] Add_Patient_cases:72 - Firstname of the patient is: Kenna
 2021-11-11 17:39:46,992  INFO [main] Add_Patient_cases:74 - Lastname of the patient is: Parisian
 2021-11-11 17:39:47,097  INFO [main] Add_Patient_cases:76 - Email of the patient is: gopinath+Parisian8@livingmatrix.com
 2021-11-11 17:39:47,146  INFO [main] Add_Patient_cases:78 - Age of the patient is: 25
 2021-11-11 17:39:49,281  INFO [main] Add_Patient_cases:108 - Practitioner upload is selected: Practitioner
 2021-11-11 17:39:51,315  INFO [main] Add_Patient_cases:121 - Questionnaire is checked: Yes
 2021-11-11 17:39:51,342  INFO [main] Add_Patient_cases:142 - Lab upload is already unchecked
 2021-11-11 17:39:51,362  INFO [main] Add_Patient_cases:150 - Done button is clicked successfully
 2021-11-11 17:39:54,420  INFO [main] Add_Patient_cases:168 - Patient list page is loaded successfully
 2021-11-11 17:39:54,506  INFO [main] Add_Patient_cases:174 - Patient is added successfully: Kenna Parisian
 2021-11-11 17:39:57,565  INFO [main] Login_cases:101 - User icon is clicked successfully
 2021-11-11 17:40:15,057  INFO [main] Login_cases:107 - Logout link is clicked successfully
 2021-11-11 17:40:15,110  INFO [main] Hooks:72 - Close the browser
 2021-11-11 17:40:15,111  INFO [main] Hooks:73 - **********************Scenario Completed**********************
 2021-11-12 07:15:20,697  INFO [main] Hooks:25 - **********************Scenario Execution**********************
 2021-11-12 07:15:20,733  INFO [main] Hooks:27 - Launch the browser
 2021-11-12 07:15:23,985  INFO [main] Hooks:35 - Delete all cookies
 2021-11-12 07:15:24,109  INFO [main] Hooks:37 - Maximize the browser
 2021-11-12 07:15:24,321  INFO [main] Login_Execution:31 - ---Launching URL---
 2021-11-12 07:15:28,756  INFO [main] Login_cases:30 - User click Signin button successfully
 2021-11-12 07:15:28,881  INFO [main] Login_cases:43 - user email is gopinath+automation@livingmatrix.com
 2021-11-12 07:15:29,026  INFO [main] Login_cases:45 - user password is Password@20
 2021-11-12 07:15:29,128  INFO [main] Login_cases:47 - User clicked Sigin button successfully
 2021-11-12 07:15:35,407  INFO [main] Login_cases:84 - User logged-in successfully
 2021-11-12 07:15:40,496  INFO [main] Add_Patient_cases:40 - Add patient button is clicked successfully
 2021-11-12 07:15:40,577  INFO [main] Add_Patient_cases:49 - Real patient is selected default
 2021-11-12 07:15:40,677  INFO [main] Add_Patient_cases:72 - Firstname of the patient is: Andrew
 2021-11-12 07:15:40,811  INFO [main] Add_Patient_cases:74 - Lastname of the patient is: Predovic
 2021-11-12 07:15:40,948  INFO [main] Add_Patient_cases:76 - Email of the patient is: gopinath+Predovic169@livingmatrix.com
 2021-11-12 07:15:41,009  INFO [main] Add_Patient_cases:78 - Age of the patient is: 25
 2021-11-12 07:15:43,178  INFO [main] Add_Patient_cases:108 - Practitioner upload is selected: Practitioner
 2021-11-12 07:15:45,265  INFO [main] Add_Patient_cases:121 - Questionnaire is checked: Yes
 2021-11-12 07:15:45,306  INFO [main] Add_Patient_cases:142 - Lab upload is already unchecked
 2021-11-12 07:15:45,342  INFO [main] Add_Patient_cases:150 - Done button is clicked successfully
 2021-11-12 07:15:48,465  INFO [main] Add_Patient_cases:168 - Patient list page is loaded successfully
 2021-11-12 07:15:48,616  INFO [main] Add_Patient_cases:174 - Patient is added successfully: Andrew Predovic
 2021-11-12 07:15:51,678  INFO [main] Add_Patient_cases:241 - Patient status is Pending
 2021-11-12 07:15:51,678  INFO [main] Add_Patient_cases:243 - Patient status is Pending
 2021-11-12 07:15:51,722  INFO [main] Login_cases:101 - User icon is clicked successfully
 2021-11-12 07:16:36,084  INFO [main] Hooks:72 - Close the browser
 2021-11-12 07:16:36,084  INFO [main] Hooks:73 - **********************Scenario Completed**********************
 2021-11-12 07:18:40,004  INFO [main] Hooks:25 - **********************Scenario Execution**********************
 2021-11-12 07:18:40,011  INFO [main] Hooks:27 - Launch the browser
 2021-11-12 07:18:43,775  INFO [main] Hooks:35 - Delete all cookies
 2021-11-12 07:18:43,896  INFO [main] Hooks:37 - Maximize the browser
 2021-11-12 07:18:46,994  INFO [main] Login_Execution:31 - ---Launching URL---
 2021-11-12 07:18:51,456  INFO [main] Login_cases:30 - User click Signin button successfully
 2021-11-12 07:18:51,576  INFO [main] Login_cases:43 - user email is gopinath+automation@livingmatrix.com
 2021-11-12 07:18:51,663  INFO [main] Login_cases:45 - user password is Password@20
 2021-11-12 07:18:51,714  INFO [main] Login_cases:47 - User clicked Sigin button successfully
 2021-11-12 07:18:57,230  INFO [main] Login_cases:84 - User logged-in successfully
 2021-11-12 07:19:02,423  INFO [main] Add_Patient_cases:40 - Add patient button is clicked successfully
 2021-11-12 07:19:02,561  INFO [main] Add_Patient_cases:49 - Real patient is selected default
 2021-11-12 07:19:02,659  INFO [main] Add_Patient_cases:72 - Firstname of the patient is: Edwin
 2021-11-12 07:19:02,729  INFO [main] Add_Patient_cases:74 - Lastname of the patient is: Bins
 2021-11-12 07:19:02,879  INFO [main] Add_Patient_cases:76 - Email of the patient is: gopinath+Bins74@livingmatrix.com
 2021-11-12 07:19:02,979  INFO [main] Add_Patient_cases:78 - Age of the patient is: 25
 2021-11-12 07:19:05,228  INFO [main] Add_Patient_cases:108 - Practitioner upload is selected: Practitioner
 2021-11-12 07:19:07,278  INFO [main] Add_Patient_cases:121 - Questionnaire is checked: Yes
 2021-11-12 07:19:07,320  INFO [main] Add_Patient_cases:142 - Lab upload is already unchecked
 2021-11-12 07:19:07,361  INFO [main] Add_Patient_cases:150 - Done button is clicked successfully
 2021-11-12 07:19:10,482  INFO [main] Add_Patient_cases:168 - Patient list page is loaded successfully
 2021-11-12 07:19:10,615  INFO [main] Add_Patient_cases:174 - Patient is added successfully: Edwin Bins
 2021-11-12 07:19:13,657  INFO [main] Add_Patient_cases:241 - Patient status is Pending
 2021-11-12 07:19:13,658  INFO [main] Add_Patient_cases:243 - Patient status is Pending
 2021-11-12 07:19:13,708  INFO [main] Login_cases:101 - User icon is clicked successfully
 2021-11-12 07:19:37,969  INFO [main] Hooks:72 - Close the browser
 2021-11-12 07:19:37,969  INFO [main] Hooks:73 - **********************Scenario Completed**********************
 2021-11-12 07:22:41,121  INFO [main] Hooks:25 - **********************Scenario Execution**********************
 2021-11-12 07:22:41,124  INFO [main] Hooks:27 - Launch the browser
 2021-11-12 07:22:43,091  INFO [main] Hooks:35 - Delete all cookies
 2021-11-12 07:22:43,208  INFO [main] Hooks:37 - Maximize the browser
 2021-11-12 07:22:46,099  INFO [main] Login_Execution:31 - ---Launching URL---
 2021-11-12 07:22:50,920  INFO [main] Login_cases:30 - User click Signin button successfully
 2021-11-12 07:22:51,053  INFO [main] Login_cases:43 - user email is gopinath+automation@livingmatrix.com
 2021-11-12 07:22:51,138  INFO [main] Login_cases:45 - user password is Password@20
 2021-11-12 07:22:51,191  INFO [main] Login_cases:47 - User clicked Sigin button successfully
 2021-11-12 07:22:55,731  INFO [main] Login_cases:84 - User logged-in successfully
 2021-11-12 07:23:00,835  INFO [main] Add_Patient_cases:40 - Add patient button is clicked successfully
 2021-11-12 07:23:00,964  INFO [main] Add_Patient_cases:49 - Real patient is selected default
 2021-11-12 07:23:01,114  INFO [main] Add_Patient_cases:72 - Firstname of the patient is: Johnny
 2021-11-12 07:23:01,200  INFO [main] Add_Patient_cases:74 - Lastname of the patient is: Haley
 2021-11-12 07:23:01,329  INFO [main] Add_Patient_cases:76 - Email of the patient is: gopinath+Haley36@livingmatrix.com
 2021-11-12 07:23:01,396  INFO [main] Add_Patient_cases:78 - Age of the patient is: 25
 2021-11-12 07:23:03,597  INFO [main] Add_Patient_cases:108 - Practitioner upload is selected: Practitioner
 2021-11-12 07:23:05,641  INFO [main] Add_Patient_cases:121 - Questionnaire is checked: Yes
 2021-11-12 07:23:05,680  INFO [main] Add_Patient_cases:142 - Lab upload is already unchecked
 2021-11-12 07:23:05,713  INFO [main] Add_Patient_cases:150 - Done button is clicked successfully
 2021-11-12 07:23:08,845  INFO [main] Add_Patient_cases:168 - Patient list page is loaded successfully
 2021-11-12 07:23:08,986  INFO [main] Add_Patient_cases:174 - Patient is added successfully: Johnny Haley
 2021-11-12 07:23:12,017  INFO [main] Add_Patient_cases:241 - Patient status is Pending
 2021-11-12 07:23:12,018  INFO [main] Add_Patient_cases:243 - Patient status is Pending
 2021-11-12 07:23:12,050  INFO [main] Login_cases:101 - User icon is clicked successfully
 2021-11-12 07:23:12,097  INFO [main] Login_cases:107 - Logout link is clicked successfully
 2021-11-12 07:23:12,264  INFO [main] Hooks:72 - Close the browser
 2021-11-12 07:23:12,265  INFO [main] Hooks:73 - **********************Scenario Completed**********************
 2021-11-12 07:24:04,279  INFO [main] Hooks:25 - **********************Scenario Execution**********************
 2021-11-12 07:24:04,283  INFO [main] Hooks:27 - Launch the browser
 2021-11-12 07:24:06,181  INFO [main] Hooks:35 - Delete all cookies
 2021-11-12 07:24:06,304  INFO [main] Hooks:37 - Maximize the browser
 2021-11-12 07:24:08,908  INFO [main] Login_Execution:31 - ---Launching URL---
 2021-11-12 07:24:14,015  INFO [main] Login_cases:30 - User click Signin button successfully
 2021-11-12 07:24:14,127  INFO [main] Login_cases:43 - user email is gopinath+automation@livingmatrix.com
 2021-11-12 07:24:14,226  INFO [main] Login_cases:45 - user password is Password@20
 2021-11-12 07:24:14,309  INFO [main] Login_cases:47 - User clicked Sigin button successfully
 2021-11-12 07:24:21,256  INFO [main] Login_cases:84 - User logged-in successfully
 2021-11-12 07:24:26,371  INFO [main] Add_Patient_cases:40 - Add patient button is clicked successfully
 2021-11-12 07:24:26,519  INFO [main] Add_Patient_cases:49 - Real patient is selected default
 2021-11-12 07:24:26,684  INFO [main] Add_Patient_cases:72 - Firstname of the patient is: Shawnta
 2021-11-12 07:24:26,774  INFO [main] Add_Patient_cases:74 - Lastname of the patient is: Lockman
 2021-11-12 07:24:26,905  INFO [main] Add_Patient_cases:76 - Email of the patient is: gopinath+Lockman257@livingmatrix.com
 2021-11-12 07:24:26,990  INFO [main] Add_Patient_cases:78 - Age of the patient is: 25
 2021-11-12 07:24:29,191  INFO [main] Add_Patient_cases:108 - Practitioner upload is selected: Practitioner
 2021-11-12 07:24:31,308  INFO [main] Add_Patient_cases:121 - Questionnaire is checked: Yes
 2021-11-12 07:24:31,341  INFO [main] Add_Patient_cases:142 - Lab upload is already unchecked
 2021-11-12 07:24:31,409  INFO [main] Add_Patient_cases:150 - Done button is clicked successfully
 2021-11-12 07:24:34,582  INFO [main] Add_Patient_cases:168 - Patient list page is loaded successfully
 2021-11-12 07:24:34,688  INFO [main] Add_Patient_cases:174 - Patient is added successfully: Shawnta Lockman
 2021-11-12 07:24:37,748  INFO [main] Add_Patient_cases:241 - Patient status is Pending
 2021-11-12 07:24:37,749  INFO [main] Add_Patient_cases:243 - Patient status is Pending
 2021-11-12 07:24:37,808  INFO [main] Login_cases:101 - User icon is clicked successfully
 2021-11-12 07:24:37,867  INFO [main] Login_cases:107 - Logout link is clicked successfully
 2021-11-12 07:24:38,001  INFO [main] Hooks:72 - Close the browser
 2021-11-12 07:24:38,002  INFO [main] Hooks:73 - **********************Scenario Completed**********************
 2021-11-12 07:24:38,004  INFO [main] Hooks:25 - **********************Scenario Execution**********************
 2021-11-12 07:24:38,005  INFO [main] Hooks:27 - Launch the browser
 2021-11-12 07:24:39,220  INFO [main] Hooks:35 - Delete all cookies
 2021-11-12 07:24:39,345  INFO [main] Hooks:37 - Maximize the browser
 2021-11-12 07:24:40,093  INFO [main] Login_Execution:31 - ---Launching URL---
 2021-11-12 07:24:45,451  INFO [main] Login_cases:30 - User click Signin button successfully
 2021-11-12 07:24:45,550  INFO [main] Login_cases:43 - user email is gopinath+automation@livingmatrix.com
 2021-11-12 07:24:45,619  INFO [main] Login_cases:45 - user password is Password@20
 2021-11-12 07:24:45,670  INFO [main] Login_cases:47 - User clicked Sigin button successfully
 2021-11-12 07:24:50,584  INFO [main] Login_cases:84 - User logged-in successfully
 2021-11-12 07:24:55,659  INFO [main] Add_Patient_cases:40 - Add patient button is clicked successfully
 2021-11-12 07:24:55,725  INFO [main] Add_Patient_cases:49 - Real patient is selected default
 2021-11-12 07:24:55,830  INFO [main] Add_Patient_cases:72 - Firstname of the patient is: Laurette
 2021-11-12 07:24:55,900  INFO [main] Add_Patient_cases:74 - Lastname of the patient is: Jakubowski
 2021-11-12 07:24:56,026  INFO [main] Add_Patient_cases:76 - Email of the patient is: gopinath+Jakubowski361@livingmatrix.com
 2021-11-12 07:24:56,079  INFO [main] Add_Patient_cases:78 - Age of the patient is: 25
 2021-11-12 07:24:58,285  INFO [main] Add_Patient_cases:108 - Practitioner upload is selected: Practitioner
 2021-11-12 07:25:00,321  INFO [main] Add_Patient_cases:121 - Questionnaire is checked: Yes
 2021-11-12 07:25:00,376  INFO [main] Add_Patient_cases:142 - Lab upload is already unchecked
 2021-11-12 07:25:00,422  INFO [main] Add_Patient_cases:150 - Done button is clicked successfully
 2021-11-12 07:25:03,564  INFO [main] Add_Patient_cases:168 - Patient list page is loaded successfully
 2021-11-12 07:25:03,725  INFO [main] Add_Patient_cases:174 - Patient is added successfully: Laurette Jakubowski
 2021-11-12 07:25:06,786  INFO [main] Add_Patient_cases:248 - Patient status is Pending
 2021-11-12 07:25:06,787  INFO [main] Add_Patient_cases:250 - Patient status is Pending
 2021-11-12 07:25:06,867  INFO [main] Add_Patient_cases:252 - Send Reminder button is clicked
 2021-11-12 07:25:07,652  INFO [main] Add_Patient_cases:257 - Message is displayed Mail sent successfully
 2021-11-12 07:25:07,680  INFO [main] Login_cases:101 - User icon is clicked successfully
 2021-11-12 07:25:07,713  INFO [main] Login_cases:107 - Logout link is clicked successfully
 2021-11-12 07:25:07,786  INFO [main] Hooks:72 - Close the browser
 2021-11-12 07:25:07,786  INFO [main] Hooks:73 - **********************Scenario Completed**********************
 2021-11-12 07:26:39,563  INFO [main] Hooks:25 - **********************Scenario Execution**********************
 2021-11-12 07:26:39,566  INFO [main] Hooks:27 - Launch the browser
 2021-11-12 07:26:41,474  INFO [main] Hooks:35 - Delete all cookies
 2021-11-12 07:26:41,603  INFO [main] Hooks:37 - Maximize the browser
 2021-11-12 07:26:44,016  INFO [main] Login_Execution:31 - ---Launching URL---
 2021-11-12 07:26:48,441  INFO [main] Login_cases:30 - User click Signin button successfully
 2021-11-12 07:26:48,553  INFO [main] Login_cases:43 - user email is gopinath+automation@livingmatrix.com
 2021-11-12 07:26:48,662  INFO [main] Login_cases:45 - user password is Password@20
 2021-11-12 07:26:48,748  INFO [main] Login_cases:47 - User clicked Sigin button successfully
 2021-11-12 07:26:53,815  INFO [main] Login_cases:84 - User logged-in successfully
 2021-11-12 07:26:58,937  INFO [main] Add_Patient_cases:40 - Add patient button is clicked successfully
 2021-11-12 07:26:59,013  INFO [main] Add_Patient_cases:49 - Real patient is selected default
 2021-11-12 07:26:59,114  INFO [main] Add_Patient_cases:72 - Firstname of the patient is: Benny
 2021-11-12 07:26:59,194  INFO [main] Add_Patient_cases:74 - Lastname of the patient is: Weissnat
 2021-11-12 07:26:59,326  INFO [main] Add_Patient_cases:76 - Email of the patient is: gopinath+Weissnat733@livingmatrix.com
 2021-11-12 07:26:59,385  INFO [main] Add_Patient_cases:78 - Age of the patient is: 25
 2021-11-12 07:27:01,598  INFO [main] Add_Patient_cases:108 - Practitioner upload is selected: Practitioner
 2021-11-12 07:27:03,630  INFO [main] Add_Patient_cases:121 - Questionnaire is checked: Yes
 2021-11-12 07:27:03,676  INFO [main] Add_Patient_cases:142 - Lab upload is already unchecked
 2021-11-12 07:27:03,749  INFO [main] Add_Patient_cases:150 - Done button is clicked successfully
 2021-11-12 07:27:06,889  INFO [main] Add_Patient_cases:168 - Patient list page is loaded successfully
 2021-11-12 07:27:07,043  INFO [main] Add_Patient_cases:174 - Patient is added successfully: Benny Weissnat
 2021-11-12 07:27:10,132  INFO [main] Add_Patient_cases:241 - Patient status is Pending
 2021-11-12 07:27:10,132  INFO [main] Add_Patient_cases:243 - Patient status is Pending
 2021-11-12 07:27:10,189  INFO [main] Login_cases:101 - User icon is clicked successfully
 2021-11-12 07:27:10,245  INFO [main] Login_cases:107 - Logout link is clicked successfully
 2021-11-12 07:27:10,374  INFO [main] Hooks:72 - Close the browser
 2021-11-12 07:27:10,375  INFO [main] Hooks:73 - **********************Scenario Completed**********************
 2021-11-12 07:27:10,383  INFO [main] Hooks:25 - **********************Scenario Execution**********************
 2021-11-12 07:27:10,384  INFO [main] Hooks:27 - Launch the browser
 2021-11-12 07:27:11,615  INFO [main] Hooks:35 - Delete all cookies
 2021-11-12 07:27:11,799  INFO [main] Hooks:37 - Maximize the browser
 2021-11-12 07:27:12,533  INFO [main] Login_Execution:31 - ---Launching URL---
 2021-11-12 07:27:16,970  INFO [main] Login_cases:30 - User click Signin button successfully
 2021-11-12 07:27:17,080  INFO [main] Login_cases:43 - user email is gopinath+automation@livingmatrix.com
 2021-11-12 07:27:17,150  INFO [main] Login_cases:45 - user password is Password@20
 2021-11-12 07:27:17,195  INFO [main] Login_cases:47 - User clicked Sigin button successfully
 2021-11-12 07:27:22,619  INFO [main] Login_cases:84 - User logged-in successfully
 2021-11-12 07:27:27,695  INFO [main] Add_Patient_cases:40 - Add patient button is clicked successfully
 2021-11-12 07:27:27,766  INFO [main] Add_Patient_cases:49 - Real patient is selected default
 2021-11-12 07:27:27,869  INFO [main] Add_Patient_cases:72 - Firstname of the patient is: Allyson
 2021-11-12 07:27:27,931  INFO [main] Add_Patient_cases:74 - Lastname of the patient is: Morar
 2021-11-12 07:27:28,055  INFO [main] Add_Patient_cases:76 - Email of the patient is: gopinath+Morar192@livingmatrix.com
 2021-11-12 07:27:28,115  INFO [main] Add_Patient_cases:78 - Age of the patient is: 25
 2021-11-12 07:27:30,269  INFO [main] Add_Patient_cases:108 - Practitioner upload is selected: Practitioner
 2021-11-12 07:27:32,305  INFO [main] Add_Patient_cases:121 - Questionnaire is checked: Yes
 2021-11-12 07:27:32,362  INFO [main] Add_Patient_cases:142 - Lab upload is already unchecked
 2021-11-12 07:27:32,427  INFO [main] Add_Patient_cases:150 - Done button is clicked successfully
 2021-11-12 07:27:35,593  INFO [main] Add_Patient_cases:168 - Patient list page is loaded successfully
 2021-11-12 07:27:35,716  INFO [main] Add_Patient_cases:174 - Patient is added successfully: Allyson Morar
 2021-11-12 07:27:38,795  INFO [main] Add_Patient_cases:248 - Patient status is Pending
 2021-11-12 07:27:38,795  INFO [main] Add_Patient_cases:250 - Patient status is Pending
 2021-11-12 07:27:38,882  INFO [main] Add_Patient_cases:252 - Send Reminder button is clicked
 2021-11-12 07:27:40,994  INFO [main] Add_Patient_cases:263 - Message is displayed Mail sent successfully
 2021-11-12 07:27:41,048  INFO [main] Login_cases:101 - User icon is clicked successfully
 2021-11-12 07:27:41,123  INFO [main] Login_cases:107 - Logout link is clicked successfully
 2021-11-12 07:27:45,239  INFO [main] Hooks:72 - Close the browser
 2021-11-12 07:27:45,241  INFO [main] Hooks:73 - **********************Scenario Completed**********************
 2021-11-12 10:41:04,970  INFO [main] Hooks:25 - **********************Scenario Execution**********************
 2021-11-12 10:41:04,979  INFO [main] Hooks:27 - Launch the browser
 2021-11-12 10:41:07,779  INFO [main] Hooks:35 - Delete all cookies
 2021-11-12 10:41:07,908  INFO [main] Hooks:37 - Maximize the browser
 2021-11-12 10:41:08,860  INFO [main] Login_Execution:31 - ---Launching URL---
 2021-11-12 10:41:13,609  INFO [main] Login_cases:30 - User click Signin button successfully
 2021-11-12 10:41:13,714  INFO [main] Login_cases:43 - user email is gopinath+weissnat733@livingmatrix.com
 2021-11-12 10:41:13,780  INFO [main] Login_cases:45 - user password is Password@20
 2021-11-12 10:41:13,820  INFO [main] Login_cases:47 - User clicked Sigin button successfully
 2021-11-12 10:41:19,104  INFO [main] Login_cases:84 - User logged-in successfully
 2021-11-12 10:41:19,815  INFO [main] Genetic_cases:95 - Get started now button is clicked
 2021-11-12 10:41:19,842  INFO [main] Genetic_cases:97 - Navigating to upload genetics file screen
 2021-11-12 10:41:19,937  INFO [main] Hooks:72 - Close the browser
 2021-11-12 10:41:19,937  INFO [main] Hooks:73 - **********************Scenario Completed**********************
 2021-11-12 10:47:18,122  INFO [main] Hooks:25 - **********************Scenario Execution**********************
 2021-11-12 10:47:18,125  INFO [main] Hooks:27 - Launch the browser
 2021-11-12 10:47:19,890  INFO [main] Hooks:35 - Delete all cookies
 2021-11-12 10:47:20,009  INFO [main] Hooks:37 - Maximize the browser
 2021-11-12 10:47:20,928  INFO [main] Login_Execution:31 - ---Launching URL---
 2021-11-12 10:47:26,356  INFO [main] Login_cases:30 - User click Signin button successfully
 2021-11-12 10:47:26,445  INFO [main] Login_cases:43 - user email is gopinath+weissnat733@livingmatrix.com
 2021-11-12 10:47:26,510  INFO [main] Login_cases:45 - user password is Password@20
 2021-11-12 10:47:26,551  INFO [main] Login_cases:47 - User clicked Sigin button successfully
 2021-11-12 10:47:32,725  INFO [main] Login_cases:84 - User logged-in successfully
 2021-11-12 10:47:33,996  INFO [main] Genetic_cases:95 - Get started now button is clicked
 2021-11-12 10:47:34,024  INFO [main] Genetic_cases:97 - Navigating to upload genetics file screen
 2021-11-12 10:47:34,071  INFO [main] Genetic_cases:58 - Added genetic file
 2021-11-12 10:47:36,101  INFO [main] Genetic_cases:63 - Genetic file uploading is started
 2021-11-12 10:47:38,139  INFO [main] Genetic_cases:66 - genetic file is uploading
 2021-11-12 10:54:01,172  INFO [main] Hooks:25 - **********************Scenario Execution**********************
 2021-11-12 10:54:01,175  INFO [main] Hooks:27 - Launch the browser
 2021-11-12 10:54:02,897  INFO [main] Hooks:35 - Delete all cookies
 2021-11-12 10:54:03,024  INFO [main] Hooks:37 - Maximize the browser
 2021-11-12 10:54:03,131  INFO [main] Login_Execution:31 - ---Launching URL---
 2021-11-12 10:54:08,339  INFO [main] Login_cases:30 - User click Signin button successfully
 2021-11-12 10:54:08,431  INFO [main] Login_cases:43 - user email is gopinath+suraj@livingmatrix.com
 2021-11-12 10:54:08,491  INFO [main] Login_cases:45 - user password is Password@20
 2021-11-12 10:54:08,536  INFO [main] Login_cases:47 - User clicked Sigin button successfully
 2021-11-12 10:54:31,029 ERROR [main] Login_cases:86 - org.openqa.selenium.NoSuchWindowException: no such window: target window already closed
from unknown error: web view not found
  (Session info: chrome=95.0.4638.69)
Build info: version: '3.141.59', revision: 'e82be7d358', time: '2018-11-14T08:17:03'
System info: host: 'DESKTOP-NOT61PU', ip: '192.168.225.142', os.name: 'Windows 10', os.arch: 'amd64', os.version: '10.0', java.version: '15.0.1'
Driver info: org.openqa.selenium.chrome.ChromeDriver
Capabilities {acceptInsecureCerts: false, browserName: chrome, browserVersion: 95.0.4638.69, chrome: {chromedriverVersion: 95.0.4638.54 (d31a821ec901f..., userDataDir: C:\Users\GOPINATH\AppData\L...}, goog:chromeOptions: {debuggerAddress: localhost:51073}, javascriptEnabled: true, networkConnectionEnabled: false, pageLoadStrategy: normal, platform: WINDOWS, platformName: WINDOWS, proxy: Proxy(), setWindowRect: true, strictFileInteractability: false, timeouts: {implicit: 0, pageLoad: 300000, script: 30000}, unhandledPromptBehavior: dismiss and notify, webauthn:extension:credBlob: true, webauthn:extension:largeBlob: true, webauthn:virtualAuthenticators: true}
Session ID: 54ddf5e74114afca24d21c141932b857
*** Element info: {Using=xpath, value=//*[@id="root"]/div/div[2]/div[2]/nav/div/div[3]/div/i/i}
 2021-11-12 10:54:59,206  INFO [main] Hooks:25 - **********************Scenario Execution**********************
 2021-11-12 10:54:59,209  INFO [main] Hooks:27 - Launch the browser
 2021-11-12 10:55:00,911  INFO [main] Hooks:35 - Delete all cookies
 2021-11-12 10:55:01,037  INFO [main] Hooks:37 - Maximize the browser
 2021-11-12 10:55:01,967  INFO [main] Login_Execution:31 - ---Launching URL---
 2021-11-12 10:55:06,935  INFO [main] Login_cases:30 - User click Signin button successfully
 2021-11-12 10:55:07,030  INFO [main] Login_cases:43 - user email is gopinath+suraj@livingmatrix.com
 2021-11-12 10:55:07,094  INFO [main] Login_cases:45 - user password is Password@20
 2021-11-12 10:55:07,137  INFO [main] Login_cases:47 - User clicked Sigin button successfully
 2021-11-12 10:55:12,969  INFO [main] Login_cases:84 - User logged-in successfully
 2021-11-12 10:55:13,729  INFO [main] Genetic_cases:95 - Get started now button is clicked
 2021-11-12 10:55:13,759  INFO [main] Genetic_cases:97 - Navigating to upload genetics file screen
 2021-11-12 10:55:13,804  INFO [main] Genetic_cases:58 - Added genetic file
 2021-11-12 10:55:15,842  INFO [main] Genetic_cases:63 - Genetic file uploading is started
 2021-11-12 10:55:17,905  INFO [main] Genetic_cases:66 - genetic file is uploading
 2021-11-12 10:57:13,084  INFO [main] Genetic_cases:76 - Genetic file upload is completed
 2021-11-12 10:57:13,109  INFO [main] Genetic_cases:86 - Report summary screen is loaded: REPORT SUMMARY
 2021-11-12 10:57:13,109  INFO [main] Genetic_cases:89 - Genetic file is uploaded and report is generated successfully
 2021-11-12 10:57:17,237  INFO [main] Hooks:72 - Close the browser
 2021-11-12 10:57:17,237  INFO [main] Hooks:73 - **********************Scenario Completed**********************
 2021-11-26 10:11:23,537  INFO [main] Hooks:25 - **********************Scenario Execution**********************
 2021-11-26 10:11:23,558  INFO [main] Hooks:27 - Launch the browser
 2021-11-26 10:11:35,004  INFO [main] Hooks:35 - Delete all cookies
 2021-11-26 10:11:35,144  INFO [main] Hooks:37 - Maximize the browser
 2021-11-26 10:11:37,894  INFO [main] Login_Execution:31 - ---Launching URL---
 2021-11-26 10:11:42,479  INFO [main] Login_cases:30 - User click Signin button successfully
 2021-11-26 10:11:42,598  INFO [main] Login_cases:43 - user email is gopinath+automation@livingmatrix.com
 2021-11-26 10:11:42,677  INFO [main] Login_cases:45 - user password is Password@20
 2021-11-26 10:11:42,725  INFO [main] Login_cases:47 - User clicked Sigin button successfully
 2021-11-26 10:12:04,842 ERROR [main] Login_cases:86 - org.openqa.selenium.NoSuchWindowException: no such window: target window already closed
from unknown error: web view not found
  (Session info: chrome=96.0.4664.45)
Build info: version: '3.141.59', revision: 'e82be7d358', time: '2018-11-14T08:17:03'
System info: host: 'DESKTOP-NOT61PU', ip: '192.168.225.142', os.name: 'Windows 10', os.arch: 'amd64', os.version: '10.0', java.version: '15.0.1'
Driver info: org.openqa.selenium.chrome.ChromeDriver
Capabilities {acceptInsecureCerts: false, browserName: chrome, browserVersion: 96.0.4664.45, chrome: {chromedriverVersion: 96.0.4664.45 (76e4c1bb2ab46..., userDataDir: C:\Users\GOPINATH\AppData\L...}, goog:chromeOptions: {debuggerAddress: localhost:59065}, javascriptEnabled: true, networkConnectionEnabled: false, pageLoadStrategy: normal, platform: WINDOWS, platformName: WINDOWS, proxy: Proxy(), setWindowRect: true, strictFileInteractability: false, timeouts: {implicit: 0, pageLoad: 300000, script: 30000}, unhandledPromptBehavior: dismiss and notify, webauthn:extension:credBlob: true, webauthn:extension:largeBlob: true, webauthn:virtualAuthenticators: true}
Session ID: 7bcb6cb345ec30769d2184a401dc5356
*** Element info: {Using=xpath, value=//*[@id="root"]/div/div[2]/div[2]/nav/div/div[3]/div/i/i}
 2021-11-26 10:12:09,055  INFO [main] Hooks:25 - **********************Scenario Execution**********************
 2021-11-26 10:12:09,057  INFO [main] Hooks:27 - Launch the browser
 2021-11-26 10:12:10,403  INFO [main] Hooks:35 - Delete all cookies
 2021-11-26 10:12:10,527  INFO [main] Hooks:37 - Maximize the browser
 2021-11-26 10:12:12,097  INFO [main] Login_Execution:31 - ---Launching URL---
 2021-11-26 10:12:17,129  INFO [main] Login_cases:30 - User click Signin button successfully
 2021-11-26 10:12:17,238  INFO [main] Login_cases:43 - user email is gopinath+automation@livingmatrix.com
 2021-11-26 10:12:17,311  INFO [main] Login_cases:45 - user password is Password@20
 2021-11-26 10:12:17,356  INFO [main] Login_cases:47 - User clicked Sigin button successfully
 2021-11-26 10:12:59,435 ERROR [main] Login_cases:86 - org.openqa.selenium.TimeoutException: Expected condition failed: waiting for visibility of Proxy element for: DefaultElementLocator 'By.xpath: //*[@id="root"]/div/div[2]/div[2]/nav/div/div[3]/div/i/i' (tried for 20 second(s) with 500 milliseconds interval)
 2021-11-26 10:13:19,593  INFO [main] Hooks:72 - Close the browser
 2021-11-26 10:13:19,594  INFO [main] Hooks:73 - **********************Scenario Completed**********************
 2021-11-26 10:13:19,595  INFO [main] Hooks:25 - **********************Scenario Execution**********************
 2021-11-26 10:13:19,595  INFO [main] Hooks:27 - Launch the browser
 2021-11-26 10:13:20,787  INFO [main] Hooks:35 - Delete all cookies
 2021-11-26 10:13:20,911  INFO [main] Hooks:37 - Maximize the browser
 2021-11-26 10:13:22,393  INFO [main] Login_Execution:31 - ---Launching URL---
 2021-11-26 10:13:27,763  INFO [main] Login_cases:30 - User click Signin button successfully
 2021-11-26 10:13:27,871  INFO [main] Login_cases:43 - user email is gopinath+automation@livingmatrix.com
 2021-11-26 10:13:27,960  INFO [main] Login_cases:45 - user password is Password@20
 2021-11-26 10:13:28,009  INFO [main] Login_cases:47 - User clicked Sigin button successfully
 2021-11-26 10:14:11,967 ERROR [main] Login_cases:86 - org.openqa.selenium.TimeoutException: Expected condition failed: waiting for visibility of Proxy element for: DefaultElementLocator 'By.xpath: //*[@id="root"]/div/div[2]/div[2]/nav/div/div[3]/div/i/i' (tried for 20 second(s) with 500 milliseconds interval)
 2021-11-26 10:14:32,086  INFO [main] Hooks:72 - Close the browser
 2021-11-26 10:14:32,087  INFO [main] Hooks:73 - **********************Scenario Completed**********************
 2021-11-26 10:14:32,088  INFO [main] Hooks:25 - **********************Scenario Execution**********************
 2021-11-26 10:14:32,088  INFO [main] Hooks:27 - Launch the browser
 2021-11-26 10:14:33,302  INFO [main] Hooks:35 - Delete all cookies
 2021-11-26 10:14:33,420  INFO [main] Hooks:37 - Maximize the browser
 2021-11-26 10:14:34,018  INFO [main] Login_Execution:31 - ---Launching URL---
 2021-11-26 10:14:38,886  INFO [main] Login_cases:30 - User click Signin button successfully
 2021-11-26 10:14:38,990  INFO [main] Login_cases:43 - user email is gopinath+automation@livingmatrix.com
 2021-11-26 10:14:39,059  INFO [main] Login_cases:45 - user password is Password@20
 2021-11-26 10:14:39,099  INFO [main] Login_cases:47 - User clicked Sigin button successfully
 2021-11-26 10:15:21,833 ERROR [main] Login_cases:86 - org.openqa.selenium.TimeoutException: Expected condition failed: waiting for visibility of Proxy element for: DefaultElementLocator 'By.xpath: //*[@id="root"]/div/div[2]/div[2]/nav/div/div[3]/div/i/i' (tried for 20 second(s) with 500 milliseconds interval)
 2021-11-26 10:15:41,967  INFO [main] Hooks:72 - Close the browser
 2021-11-26 10:15:41,967  INFO [main] Hooks:73 - **********************Scenario Completed**********************
 2021-11-26 10:15:41,968  INFO [main] Hooks:25 - **********************Scenario Execution**********************
 2021-11-26 10:15:41,969  INFO [main] Hooks:27 - Launch the browser
 2021-11-26 10:15:43,154  INFO [main] Hooks:35 - Delete all cookies
 2021-11-26 10:15:43,269  INFO [main] Hooks:37 - Maximize the browser
 2021-11-26 10:15:43,806  INFO [main] Login_Execution:31 - ---Launching URL---
 2021-11-26 10:15:50,064  INFO [main] Login_cases:30 - User click Signin button successfully
 2021-11-26 10:15:50,176  INFO [main] Login_cases:43 - user email is gopinath+automation@livingmatrix.com
 2021-11-26 10:15:50,240  INFO [main] Login_cases:45 - user password is Password@20
 2021-11-26 10:15:50,281  INFO [main] Login_cases:47 - User clicked Sigin button successfully
 2021-11-26 10:16:32,923 ERROR [main] Login_cases:86 - org.openqa.selenium.TimeoutException: Expected condition failed: waiting for visibility of Proxy element for: DefaultElementLocator 'By.xpath: //*[@id="root"]/div/div[2]/div[2]/nav/div/div[3]/div/i/i' (tried for 20 second(s) with 500 milliseconds interval)
 2021-11-26 10:16:53,028  INFO [main] Hooks:72 - Close the browser
 2021-11-26 10:16:53,028  INFO [main] Hooks:73 - **********************Scenario Completed**********************
 2021-11-26 10:16:53,029  INFO [main] Hooks:25 - **********************Scenario Execution**********************
 2021-11-26 10:16:53,031  INFO [main] Hooks:27 - Launch the browser
 2021-11-26 10:16:54,208  INFO [main] Hooks:35 - Delete all cookies
 2021-11-26 10:16:54,333  INFO [main] Hooks:37 - Maximize the browser
 2021-11-26 10:16:54,891  INFO [main] Login_Execution:31 - ---Launching URL---
 2021-11-26 10:17:00,090  INFO [main] Login_cases:30 - User click Signin button successfully
 2021-11-26 10:17:00,193  INFO [main] Login_cases:43 - user email is gopinath+automation@livingmatrix.com
 2021-11-26 10:17:00,271  INFO [main] Login_cases:45 - user password is Password@20
 2021-11-26 10:17:00,318  INFO [main] Login_cases:47 - User clicked Sigin button successfully
 2021-11-26 10:17:44,860 ERROR [main] Login_cases:86 - org.openqa.selenium.TimeoutException: Expected condition failed: waiting for visibility of Proxy element for: DefaultElementLocator 'By.xpath: //*[@id="root"]/div/div[2]/div[2]/nav/div/div[3]/div/i/i' (tried for 20 second(s) with 500 milliseconds interval)
 2021-11-26 10:18:04,974  INFO [main] Hooks:72 - Close the browser
 2021-11-26 10:18:04,975  INFO [main] Hooks:73 - **********************Scenario Completed**********************
 2021-11-26 16:29:06,205  INFO [main] Hooks:25 - **********************Scenario Execution**********************
 2021-11-26 16:29:06,242  INFO [main] Hooks:27 - Launch the browser
 2021-11-26 16:29:09,156  INFO [main] Hooks:35 - Delete all cookies
 2021-11-26 16:29:09,272  INFO [main] Hooks:37 - Maximize the browser
 2021-11-26 16:29:09,392  INFO [main] Login_Execution:31 - ---Launching URL---
 2021-11-26 16:29:14,211  INFO [main] Login_cases:30 - User click Signin button successfully
 2021-11-26 16:29:14,324  INFO [main] Login_cases:43 - user email is gopinath+automation@livingmatrix.com
 2021-11-26 16:29:14,413  INFO [main] Login_cases:45 - user password is Password@20
 2021-11-26 16:29:14,467  INFO [main] Login_cases:47 - User clicked Sigin button successfully
 2021-11-26 16:29:19,325  INFO [main] Login_cases:84 - User logged-in successfully
 2021-11-26 16:29:24,568  INFO [main] Add_Patient_cases:40 - Add patient button is clicked successfully
 2021-11-26 16:29:24,668  INFO [main] Add_Patient_cases:49 - Real patient is selected default
 2021-11-26 16:29:24,767  INFO [main] Add_Patient_cases:72 - Firstname of the patient is: Randall
 2021-11-26 16:29:24,838  INFO [main] Add_Patient_cases:74 - Lastname of the patient is: Little
 2021-11-26 16:29:24,959  INFO [main] Add_Patient_cases:76 - Email of the patient is: gopinath+Little340@livingmatrix.com
 2021-11-26 16:29:25,019  INFO [main] Add_Patient_cases:78 - Age of the patient is: 25
 2021-11-26 16:29:27,182  INFO [main] Add_Patient_cases:108 - Practitioner upload is selected: Practitioner
 2021-11-26 16:29:29,211  INFO [main] Add_Patient_cases:121 - Questionnaire is checked: Yes
 2021-11-26 16:29:29,252  INFO [main] Add_Patient_cases:142 - Lab upload is already unchecked
 2021-11-26 16:29:29,282  INFO [main] Add_Patient_cases:150 - Done button is clicked successfully
 2021-11-26 16:29:32,441  INFO [main] Add_Patient_cases:168 - Patient list page is loaded successfully
 2021-11-26 16:29:32,563  INFO [main] Add_Patient_cases:174 - Patient is added successfully: Randall Little
 2021-11-26 16:29:38,965  INFO [main] Hooks:72 - Close the browser
 2021-11-26 16:29:38,966  INFO [main] Hooks:73 - **********************Scenario Completed**********************
 2021-11-26 16:29:40,627  INFO [main] Hooks:25 - **********************Scenario Execution**********************
 2021-11-26 16:29:40,627  INFO [main] Hooks:27 - Launch the browser
 2021-11-26 16:29:41,971  INFO [main] Hooks:35 - Delete all cookies
 2021-11-26 16:29:42,094  INFO [main] Hooks:37 - Maximize the browser
 2021-11-26 16:29:42,108  INFO [main] Login_Execution:31 - ---Launching URL---
 2021-11-26 16:29:46,935  INFO [main] Login_cases:30 - User click Signin button successfully
 2021-11-26 16:29:47,047  INFO [main] Login_cases:43 - user email is gopinath+automation@livingmatrix.com
 2021-11-26 16:29:47,124  INFO [main] Login_cases:45 - user password is Password@20
 2021-11-26 16:29:47,172  INFO [main] Login_cases:47 - User clicked Sigin button successfully
 2021-11-26 16:29:52,670  INFO [main] Login_cases:84 - User logged-in successfully
 2021-11-26 16:29:57,724  INFO [main] Add_Patient_cases:40 - Add patient button is clicked successfully
 2021-11-26 16:29:57,799  INFO [main] Add_Patient_cases:49 - Real patient is selected default
 2021-11-26 16:29:57,882  INFO [main] Add_Patient_cases:72 - Firstname of the patient is: Leisa
 2021-11-26 16:29:57,962  INFO [main] Add_Patient_cases:74 - Lastname of the patient is: Reynolds
 2021-11-26 16:29:58,096  INFO [main] Add_Patient_cases:76 - Email of the patient is: gopinath+Reynolds739@livingmatrix.com
 2021-11-26 16:29:58,148  INFO [main] Add_Patient_cases:78 - Age of the patient is: 25
 2021-11-26 16:30:00,334  INFO [main] Add_Patient_cases:108 - Practitioner upload is selected: Practitioner
 2021-11-26 16:30:02,379  INFO [main] Add_Patient_cases:121 - Questionnaire is checked: Yes
 2021-11-26 16:30:02,413  INFO [main] Add_Patient_cases:142 - Lab upload is already unchecked
 2021-11-26 16:30:02,446  INFO [main] Add_Patient_cases:150 - Done button is clicked successfully
 2021-11-26 16:30:05,554  INFO [main] Add_Patient_cases:168 - Patient list page is loaded successfully
 2021-11-26 16:30:05,675  INFO [main] Add_Patient_cases:174 - Patient is added successfully: Leisa Reynolds
 2021-11-26 16:30:16,027  INFO [main] Hooks:72 - Close the browser
 2021-11-26 16:30:16,028  INFO [main] Hooks:73 - **********************Scenario Completed**********************
 2021-11-26 16:30:16,945  INFO [main] Hooks:25 - **********************Scenario Execution**********************
 2021-11-26 16:30:16,945  INFO [main] Hooks:27 - Launch the browser
 2021-11-26 16:30:18,141  INFO [main] Hooks:35 - Delete all cookies
 2021-11-26 16:30:18,278  INFO [main] Hooks:37 - Maximize the browser
 2021-11-26 16:30:18,293  INFO [main] Login_Execution:31 - ---Launching URL---
 2021-11-26 16:30:22,496  INFO [main] Hooks:25 - **********************Scenario Execution**********************
 2021-11-26 16:30:22,496  INFO [main] Hooks:27 - Launch the browser
 2021-11-26 16:30:23,715  INFO [main] Hooks:35 - Delete all cookies
 2021-11-26 16:30:23,836  INFO [main] Hooks:37 - Maximize the browser
 2021-11-26 16:30:23,843  INFO [main] Login_Execution:31 - ---Launching URL---
 2021-11-26 16:30:25,489  INFO [main] Hooks:25 - **********************Scenario Execution**********************
 2021-11-26 16:30:25,489  INFO [main] Hooks:27 - Launch the browser
 2021-11-26 16:30:26,679  INFO [main] Hooks:35 - Delete all cookies
 2021-11-26 16:30:26,825  INFO [main] Hooks:37 - Maximize the browser
 2021-11-26 16:30:26,839  INFO [main] Login_Execution:31 - ---Launching URL---
 2021-11-26 16:30:32,989  INFO [main] Hooks:25 - **********************Scenario Execution**********************
 2021-11-26 16:30:32,990  INFO [main] Hooks:27 - Launch the browser
 2021-11-26 16:30:34,216  INFO [main] Hooks:35 - Delete all cookies
 2021-11-26 16:30:34,351  INFO [main] Hooks:37 - Maximize the browser
 2021-11-26 16:30:34,359  INFO [main] Login_Execution:31 - ---Launching URL---
 2021-11-26 16:31:51,091  INFO [main] Hooks:25 - **********************Scenario Execution**********************
 2021-11-26 16:31:51,094  INFO [main] Hooks:27 - Launch the browser
 2021-11-26 16:31:53,357  INFO [main] Hooks:35 - Delete all cookies
 2021-11-26 16:31:53,500  INFO [main] Hooks:37 - Maximize the browser
 2021-11-26 16:31:56,304  INFO [main] Login_Execution:31 - ---Launching URL---
 2021-11-26 16:32:01,450  INFO [main] Login_cases:30 - User click Signin button successfully
 2021-11-26 16:32:01,569  INFO [main] Login_cases:43 - user email is gopinath+automation@livingmatrix.com
 2021-11-26 16:32:01,641  INFO [main] Login_cases:45 - user password is Password@20
 2021-11-26 16:32:01,710  INFO [main] Login_cases:47 - User clicked Sigin button successfully
 2021-11-26 16:32:07,944  INFO [main] Login_cases:84 - User logged-in successfully
 2021-11-26 16:32:13,078  INFO [main] Add_Patient_cases:40 - Add patient button is clicked successfully
 2021-11-26 16:32:13,227  INFO [main] Add_Patient_cases:49 - Real patient is selected default
 2021-11-26 16:32:13,341  INFO [main] Add_Patient_cases:72 - Firstname of the patient is: Janessa
 2021-11-26 16:32:13,404  INFO [main] Add_Patient_cases:74 - Lastname of the patient is: Roob
 2021-11-26 16:32:13,512  INFO [main] Add_Patient_cases:76 - Email of the patient is: gopinath+Roob842@livingmatrix.com
 2021-11-26 16:32:13,574  INFO [main] Add_Patient_cases:78 - Age of the patient is: 25
 2021-11-26 16:32:15,776  INFO [main] Add_Patient_cases:108 - Practitioner upload is selected: Practitioner
 2021-11-26 16:32:17,818  INFO [main] Add_Patient_cases:121 - Questionnaire is checked: Yes
 2021-11-26 16:32:17,882  INFO [main] Add_Patient_cases:142 - Lab upload is already unchecked
 2021-11-26 16:32:17,931  INFO [main] Add_Patient_cases:150 - Done button is clicked successfully
 2021-11-26 16:32:21,086  INFO [main] Add_Patient_cases:168 - Patient list page is loaded successfully
 2021-11-26 16:32:21,189  INFO [main] Add_Patient_cases:174 - Patient is added successfully: Janessa Roob
 2021-11-26 16:32:27,539  INFO [main] Hooks:72 - Close the browser
 2021-11-26 16:32:27,539  INFO [main] Hooks:73 - **********************Scenario Completed**********************
 2021-11-26 16:33:14,690  INFO [main] Hooks:25 - **********************Scenario Execution**********************
 2021-11-26 16:33:14,694  INFO [main] Hooks:27 - Launch the browser
 2021-11-26 16:33:16,612  INFO [main] Hooks:35 - Delete all cookies
 2021-11-26 16:33:16,741  INFO [main] Hooks:37 - Maximize the browser
 2021-11-26 16:33:18,154  INFO [main] Login_Execution:31 - ---Launching URL---
 2021-11-26 16:33:22,476  INFO [main] Login_cases:30 - User click Signin button successfully
 2021-11-26 16:33:22,594  INFO [main] Login_cases:43 - user email is gopinath+automation@livingmatrix.com
 2021-11-26 16:33:22,753  INFO [main] Login_cases:45 - user password is Password@20
 2021-11-26 16:33:22,803  INFO [main] Login_cases:47 - User clicked Sigin button successfully
 2021-11-26 16:33:27,893  INFO [main] Login_cases:84 - User logged-in successfully
 2021-11-26 16:33:33,021  INFO [main] Add_Patient_cases:40 - Add patient button is clicked successfully
 2021-11-26 16:33:33,103  INFO [main] Add_Patient_cases:49 - Real patient is selected default
 2021-11-26 16:33:33,208  INFO [main] Add_Patient_cases:72 - Firstname of the patient is: Tennille
 2021-11-26 16:33:33,283  INFO [main] Add_Patient_cases:74 - Lastname of the patient is: Hegmann
 2021-11-26 16:33:33,412  INFO [main] Add_Patient_cases:76 - Email of the patient is: gopinath+Hegmann439@livingmatrix.com
 2021-11-26 16:33:33,474  INFO [main] Add_Patient_cases:78 - Age of the patient is: 25
 2021-11-26 16:33:35,640  INFO [main] Add_Patient_cases:108 - Practitioner upload is selected: Practitioner
 2021-11-26 16:33:37,691  INFO [main] Add_Patient_cases:121 - Questionnaire is checked: Yes
 2021-11-26 16:33:37,753  INFO [main] Add_Patient_cases:142 - Lab upload is already unchecked
 2021-11-26 16:33:37,800  INFO [main] Add_Patient_cases:150 - Done button is clicked successfully
 2021-11-26 16:33:40,956  INFO [main] Add_Patient_cases:168 - Patient list page is loaded successfully
 2021-11-26 16:33:41,109  INFO [main] Add_Patient_cases:174 - Patient is added successfully: Tennille Hegmann
 2021-11-26 16:34:12,455  INFO [main] Hooks:72 - Close the browser
 2021-11-26 16:34:12,455  INFO [main] Hooks:73 - **********************Scenario Completed**********************
 